<?xml version="1.0" encoding="UTF-8"?>
<testng-results ignored="0" total="1" passed="1" failed="0" skipped="0">
  <reporter-output>
  </reporter-output>
  <suite started-at="2021-04-22T20:04:23 MDT" name="Default suite" finished-at="2021-04-22T20:04:46 MDT" duration-ms="23257">
    <groups>
    </groups>
    <test started-at="2021-04-22T20:04:23 MDT" name="Default test" finished-at="2021-04-22T20:04:46 MDT" duration-ms="23257">
      <class name="com.application.scripts.TC06">
        <test-method is-config="true" signature="suiteFirst(org.testng.ITestContext)[pri:0, instance:com.application.scripts.TC06@1bc715b8]" started-at="2021-04-22T20:04:23 MDT" name="suiteFirst" finished-at="2021-04-22T20:04:23 MDT" duration-ms="69" status="PASS">
          <params>
            <param index="0">
              <value>
                <![CDATA[org.testng.TestRunner@2dc3271b]]>
              </value>
            </param>
          </params>
          <reporter-output>
          </reporter-output>
        </test-method> <!-- suiteFirst -->
        <test-method is-config="true" signature="first(org.testng.ITestContext)[pri:0, instance:com.application.scripts.TC06@1bc715b8]" started-at="2021-04-22T20:04:23 MDT" name="first" finished-at="2021-04-22T20:04:23 MDT" duration-ms="0" status="PASS">
          <params>
            <param index="0">
              <value>
                <![CDATA[org.testng.TestRunner@2dc3271b]]>
              </value>
            </param>
          </params>
          <reporter-output>
          </reporter-output>
        </test-method> <!-- first -->
        <test-method is-config="true" signature="firstBeforeClass(org.testng.ITestContext)[pri:0, instance:com.application.scripts.TC06@1bc715b8]" started-at="2021-04-22T20:04:23 MDT" name="firstBeforeClass" finished-at="2021-04-22T20:04:23 MDT" duration-ms="0" status="PASS">
          <params>
            <param index="0">
              <value>
                <![CDATA[org.testng.TestRunner@2dc3271b]]>
              </value>
            </param>
          </params>
          <reporter-output>
          </reporter-output>
        </test-method> <!-- firstBeforeClass -->
        <test-method is-config="true" signature="reportHeader(java.lang.reflect.Method, org.testng.ITestContext)[pri:0, instance:com.application.scripts.TC06@1bc715b8]" started-at="2021-04-22T20:04:23 MDT" name="reportHeader" finished-at="2021-04-22T20:04:28 MDT" duration-ms="4676" status="PASS">
          <params>
            <param index="0">
              <value>
                <![CDATA[public void com.application.scripts.TC06.testTC06() throws java.lang.Throwable]]>
              </value>
            </param>
            <param index="1">
              <value>
                <![CDATA[org.testng.TestRunner@2dc3271b]]>
              </value>
            </param>
          </params>
          <reporter-output>
          </reporter-output>
        </test-method> <!-- reportHeader -->
        <test-method signature="testTC06()[pri:0, instance:com.application.scripts.TC06@1bc715b8]" started-at="2021-04-22T20:04:28 MDT" name="testTC06" finished-at="2021-04-22T20:04:45 MDT" duration-ms="17404" status="PASS">
          <reporter-output>
          </reporter-output>
        </test-method> <!-- testTC06 -->
        <test-method is-config="true" signature="tearDown()[pri:0, instance:com.application.scripts.TC06@1bc715b8]" started-at="2021-04-22T20:04:45 MDT" name="tearDown" finished-at="2021-04-22T20:04:46 MDT" duration-ms="1145" status="PASS">
          <reporter-output>
          </reporter-output>
        </test-method> <!-- tearDown -->
        <test-method is-config="true" signature="close()[pri:0, instance:com.application.scripts.TC06@1bc715b8]" started-at="2021-04-22T20:04:46 MDT" name="close" finished-at="2021-04-22T20:04:46 MDT" duration-ms="0" status="PASS">
          <reporter-output>
          </reporter-output>
        </test-method> <!-- close -->
        <test-method is-config="true" signature="first1(org.testng.ITestContext)[pri:0, instance:com.application.scripts.TC06@1bc715b8]" started-at="2021-04-22T20:04:46 MDT" name="first1" finished-at="2021-04-22T20:04:46 MDT" duration-ms="4" status="PASS">
          <params>
            <param index="0">
              <value>
                <![CDATA[org.testng.TestRunner@2dc3271b]]>
              </value>
            </param>
          </params>
          <reporter-output>
          </reporter-output>
        </test-method> <!-- first1 -->
        <test-method is-config="true" signature="tearDownFirefox(org.testng.ITestContext)[pri:0, instance:com.application.scripts.TC06@1bc715b8]" started-at="2021-04-22T20:04:46 MDT" name="tearDownFirefox" finished-at="2021-04-22T20:04:47 MDT" duration-ms="449" status="PASS">
          <params>
            <param index="0">
              <value>
                <![CDATA[org.testng.TestRunner@2dc3271b]]>
              </value>
            </param>
          </params>
          <reporter-output>
          </reporter-output>
        </test-method> <!-- tearDownFirefox -->
      </class> <!-- com.application.scripts.TC06 -->
    </test> <!-- Default test -->
  </suite> <!-- Default suite -->
</testng-results>
