<?xml version="1.0" encoding="UTF-8"?>
<testng-results total="1" passed="1" failed="0" skipped="0">
  <reporter-output>
  </reporter-output>
  <suite started-at="2021-02-27T09:13:31Z" name="Default suite" finished-at="2021-02-27T09:14:00Z" duration-ms="28382">
    <groups>
    </groups>
    <test started-at="2021-02-27T09:13:31Z" name="Default test" finished-at="2021-02-27T09:14:00Z" duration-ms="28382">
      <class name="com.application.scripts.TC01">
        <test-method is-config="true" signature="suiteFirst(org.testng.ITestContext)[pri:0, instance:com.application.scripts.TC01@1db0ec27]" started-at="2021-02-27T14:43:31Z" name="suiteFirst" finished-at="2021-02-27T14:43:31Z" duration-ms="79" status="PASS">
          <params>
            <param index="0">
              <value>
                <![CDATA[org.testng.TestRunner@29fa6b65]]>
              </value>
            </param>
          </params>
          <reporter-output>
          </reporter-output>
        </test-method> <!-- suiteFirst -->
        <test-method is-config="true" signature="first(org.testng.ITestContext)[pri:0, instance:com.application.scripts.TC01@1db0ec27]" started-at="2021-02-27T14:43:31Z" name="first" finished-at="2021-02-27T14:43:31Z" duration-ms="1" status="PASS">
          <params>
            <param index="0">
              <value>
                <![CDATA[org.testng.TestRunner@29fa6b65]]>
              </value>
            </param>
          </params>
          <reporter-output>
          </reporter-output>
        </test-method> <!-- first -->
        <test-method is-config="true" signature="firstBeforeClass(org.testng.ITestContext)[pri:0, instance:com.application.scripts.TC01@1db0ec27]" started-at="2021-02-27T14:43:31Z" name="firstBeforeClass" finished-at="2021-02-27T14:43:31Z" duration-ms="0" status="PASS">
          <params>
            <param index="0">
              <value>
                <![CDATA[org.testng.TestRunner@29fa6b65]]>
              </value>
            </param>
          </params>
          <reporter-output>
          </reporter-output>
        </test-method> <!-- firstBeforeClass -->
        <test-method is-config="true" signature="reportHeader(java.lang.reflect.Method, org.testng.ITestContext)[pri:0, instance:com.application.scripts.TC01@1db0ec27]" started-at="2021-02-27T14:43:31Z" name="reportHeader" finished-at="2021-02-27T14:43:44Z" duration-ms="12747" status="PASS">
          <params>
            <param index="0">
              <value>
                <![CDATA[public void com.application.scripts.TC01.testTC01() throws java.lang.Throwable]]>
              </value>
            </param>
            <param index="1">
              <value>
                <![CDATA[org.testng.TestRunner@29fa6b65]]>
              </value>
            </param>
          </params>
          <reporter-output>
          </reporter-output>
        </test-method> <!-- reportHeader -->
        <test-method signature="testTC01()[pri:0, instance:com.application.scripts.TC01@1db0ec27]" started-at="2021-02-27T14:43:44Z" name="testTC01" finished-at="2021-02-27T14:43:59Z" duration-ms="14337" status="PASS">
          <reporter-output>
          </reporter-output>
        </test-method> <!-- testTC01 -->
        <test-method is-config="true" signature="tearDown()[pri:0, instance:com.application.scripts.TC01@1db0ec27]" started-at="2021-02-27T14:43:59Z" name="tearDown" finished-at="2021-02-27T14:44:00Z" duration-ms="1270" status="PASS">
          <reporter-output>
          </reporter-output>
        </test-method> <!-- tearDown -->
        <test-method is-config="true" signature="close()[pri:0, instance:com.application.scripts.TC01@1db0ec27]" started-at="2021-02-27T14:44:00Z" name="close" finished-at="2021-02-27T14:44:00Z" duration-ms="1" status="PASS">
          <reporter-output>
          </reporter-output>
        </test-method> <!-- close -->
        <test-method is-config="true" signature="first1(org.testng.ITestContext)[pri:0, instance:com.application.scripts.TC01@1db0ec27]" started-at="2021-02-27T14:44:00Z" name="first1" finished-at="2021-02-27T14:44:00Z" duration-ms="4" status="PASS">
          <params>
            <param index="0">
              <value>
                <![CDATA[org.testng.TestRunner@29fa6b65]]>
              </value>
            </param>
          </params>
          <reporter-output>
          </reporter-output>
        </test-method> <!-- first1 -->
        <test-method is-config="true" signature="tearDownFirefox(org.testng.ITestContext)[pri:0, instance:com.application.scripts.TC01@1db0ec27]" started-at="2021-02-27T14:44:00Z" name="tearDownFirefox" finished-at="2021-02-27T14:44:01Z" duration-ms="807" status="PASS">
          <params>
            <param index="0">
              <value>
                <![CDATA[org.testng.TestRunner@29fa6b65]]>
              </value>
            </param>
          </params>
          <reporter-output>
          </reporter-output>
        </test-method> <!-- tearDownFirefox -->
      </class> <!-- com.application.scripts.TC01 -->
    </test> <!-- Default test -->
  </suite> <!-- Default suite -->
</testng-results>
